[Wed, 31 Dec 14 10:23:32 +0100][ERROR] <ELxDjbn> [Exception] Undefined offset: prefix (File: E:\xampp\xampp\htdocs\PhalconEye\app\engine\Db\AbstractModel.php Line: [55])#0 E:\xampp\xampp\htdocs\PhalconEye\app\engine\Db\AbstractModel.php(55): Engine\Application->Engine\{closure}(8, 'Undefined offse...', 'E:\\xampp\\xampp\\...', 55, Array)
#1 E:\xampp\xampp\htdocs\PhalconEye\app\engine\Db\AbstractModel.php(60): Engine\Db\AbstractModel::getTableName()
#2 [internal function]: Engine\Db\AbstractModel->getSource()
#3 [internal function]: Phalcon\Mvc\Model\MetaData->readMetaDataIndex(Object(User\Model\User), 1)
#4 [internal function]: Phalcon\Mvc\Model\MetaData->getPrimaryKeyAttributes(Object(User\Model\User))
#5 [internal function]: Phalcon\Mvc\Model\Query\Builder->getPhql()
#6 [internal function]: Phalcon\Mvc\Model\Query\Builder->getQuery()
#7 E:\xampp\xampp\htdocs\PhalconEye\app\modules\User\Model\User.php(220): Phalcon\Mvc\Model::findFirst('1')
#8 E:\xampp\xampp\htdocs\PhalconEye\app\modules\Core\Bootstrap.php(92): User\Model\User::getViewer()
#9 [internal function]: Core\Bootstrap->afterEngine(Object(Phalcon\Events\Event), NULL, NULL)
#10 [internal function]: Phalcon\Events\Manager->fireQueue(Array, Object(Phalcon\Events\Event))
#11 E:\xampp\xampp\htdocs\PhalconEye\app\engine\Application.php(164): Phalcon\Events\Manager->fire('init:afterEngin...', NULL)
#12 E:\xampp\xampp\htdocs\PhalconEye\public\index.php(69): Engine\Application->run()
#13 {main}

[Wed, 31 Dec 14 10:23:41 +0100][ERROR] <0N69SxJ> [Exception] Undefined offset: prefix (File: E:\xampp\xampp\htdocs\PhalconEye\app\engine\Db\AbstractModel.php Line: [55])#0 E:\xampp\xampp\htdocs\PhalconEye\app\engine\Db\AbstractModel.php(55): Engine\Application->Engine\{closure}(8, 'Undefined offse...', 'E:\\xampp\\xampp\\...', 55, Array)
#1 E:\xampp\xampp\htdocs\PhalconEye\app\engine\Db\AbstractModel.php(60): Engine\Db\AbstractModel::getTableName()
#2 [internal function]: Engine\Db\AbstractModel->getSource()
#3 [internal function]: Phalcon\Mvc\Model\MetaData->readMetaDataIndex(Object(User\Model\User), 1)
#4 [internal function]: Phalcon\Mvc\Model\MetaData->getPrimaryKeyAttributes(Object(User\Model\User))
#5 [internal function]: Phalcon\Mvc\Model\Query\Builder->getPhql()
#6 [internal function]: Phalcon\Mvc\Model\Query\Builder->getQuery()
#7 E:\xampp\xampp\htdocs\PhalconEye\app\modules\User\Model\User.php(220): Phalcon\Mvc\Model::findFirst('1')
#8 E:\xampp\xampp\htdocs\PhalconEye\app\modules\Core\Bootstrap.php(92): User\Model\User::getViewer()
#9 [internal function]: Core\Bootstrap->afterEngine(Object(Phalcon\Events\Event), NULL, NULL)
#10 [internal function]: Phalcon\Events\Manager->fireQueue(Array, Object(Phalcon\Events\Event))
#11 E:\xampp\xampp\htdocs\PhalconEye\app\engine\Application.php(164): Phalcon\Events\Manager->fire('init:afterEngin...', NULL)
#12 E:\xampp\xampp\htdocs\PhalconEye\public\index.php(69): Engine\Application->run()
#13 {main}

[Wed, 31 Dec 14 10:24:38 +0100][ERROR] <6jL7mAF> [Exception] Undefined offset: prefix (File: E:\xampp\xampp\htdocs\PhalconEye\app\engine\Db\AbstractModel.php Line: [55])#0 E:\xampp\xampp\htdocs\PhalconEye\app\engine\Db\AbstractModel.php(55): Engine\Application->Engine\{closure}(8, 'Undefined offse...', 'E:\\xampp\\xampp\\...', 55, Array)
#1 E:\xampp\xampp\htdocs\PhalconEye\app\engine\Db\AbstractModel.php(60): Engine\Db\AbstractModel::getTableName()
#2 [internal function]: Engine\Db\AbstractModel->getSource()
#3 [internal function]: Phalcon\Mvc\Model\MetaData->readMetaDataIndex(Object(User\Model\User), 1)
#4 [internal function]: Phalcon\Mvc\Model\MetaData->getPrimaryKeyAttributes(Object(User\Model\User))
#5 [internal function]: Phalcon\Mvc\Model\Query\Builder->getPhql()
#6 [internal function]: Phalcon\Mvc\Model\Query\Builder->getQuery()
#7 E:\xampp\xampp\htdocs\PhalconEye\app\modules\User\Model\User.php(220): Phalcon\Mvc\Model::findFirst('1')
#8 E:\xampp\xampp\htdocs\PhalconEye\app\modules\Core\Bootstrap.php(92): User\Model\User::getViewer()
#9 [internal function]: Core\Bootstrap->afterEngine(Object(Phalcon\Events\Event), NULL, NULL)
#10 [internal function]: Phalcon\Events\Manager->fireQueue(Array, Object(Phalcon\Events\Event))
#11 E:\xampp\xampp\htdocs\PhalconEye\app\engine\Application.php(164): Phalcon\Events\Manager->fire('init:afterEngin...', NULL)
#12 E:\xampp\xampp\htdocs\PhalconEye\public\index.php(69): Engine\Application->run()
#13 {main}

